<?xml version="1.0" encoding="UTF-8"?>
<!-- Generated by org.testng.reporters.JUnitReportReporter -->
<testsuite hostname="LAPTOP-TI7QN33G" failures="0" tests="2" name="com.selenium.testng.Test01" time="13.542" errors="0" timestamp="2023-10-14T17:59:22 IST" skipped="0">
  <testcase classname="com.selenium.testng.Test01" name="openWebsite" time="7.081"/>
  <testcase classname="com.selenium.testng.Test01" name="openWebsite" time="6.461"/>
</testsuite> <!-- com.selenium.testng.Test01 -->
