<?xml version="1.0" encoding="UTF-8"?>
<!-- Generated by org.testng.reporters.JUnitReportReporter -->
<testsuite hostname="LAPTOP-TI7QN33G" failures="0" tests="1" name="org.example.AppTest" time="0.002" errors="0" timestamp="2023-10-14T17:29:40 IST" skipped="0">
  <testcase classname="org.example.AppTest" name="testApp" time="0.002"/>
</testsuite> <!-- org.example.AppTest -->
